Using pre-set license
Built from '2021.3/staging' branch; Version is '2021.3.1f1 (3b70a0754835) revision 3895456'; Using compiler version '192829333'; Build Type 'Release'
OS: 'Windows 10  (10.0.19044) 64bit Core' Language: 'pl' Physical Memory: 15733 MB
BatchMode: 1, IsHumanControllingUs: 0, StartBugReporterOnCrash: 0, Is64bit: 1, IsPro: 1

COMMAND LINE ARGUMENTS:
C:\Program Files\Unity\Hub\Editor\2021.3.1f1\Editor\Unity.exe
-adb2
-batchMode
-noUpm
-name
AssetImportWorker0
-projectPath
C:/Users/jakub/Yeet Game
-logFile
Logs/AssetImportWorker0.log
-srvPort
56855
Successfully changed project path to: C:/Users/jakub/Yeet Game
C:/Users/jakub/Yeet Game
[UnityMemory] Configuration Parameters - Can be set up in boot.config
    "memorysetup-bucket-allocator-granularity=16"
    "memorysetup-bucket-allocator-bucket-count=8"
    "memorysetup-bucket-allocator-block-size=33554432"
    "memorysetup-bucket-allocator-block-count=8"
    "memorysetup-main-allocator-block-size=16777216"
    "memorysetup-thread-allocator-block-size=16777216"
    "memorysetup-gfx-main-allocator-block-size=16777216"
    "memorysetup-gfx-thread-allocator-block-size=16777216"
    "memorysetup-cache-allocator-block-size=4194304"
    "memorysetup-typetree-allocator-block-size=2097152"
    "memorysetup-profiler-bucket-allocator-granularity=16"
    "memorysetup-profiler-bucket-allocator-bucket-count=8"
    "memorysetup-profiler-bucket-allocator-block-size=33554432"
    "memorysetup-profiler-bucket-allocator-block-count=8"
    "memorysetup-profiler-allocator-block-size=16777216"
    "memorysetup-profiler-editor-allocator-block-size=1048576"
    "memorysetup-temp-allocator-size-main=16777216"
    "memorysetup-job-temp-allocator-block-size=2097152"
    "memorysetup-job-temp-allocator-block-size-background=1048576"
    "memorysetup-job-temp-allocator-reduction-small-platforms=262144"
    "memorysetup-temp-allocator-size-background-worker=32768"
    "memorysetup-temp-allocator-size-job-worker=262144"
    "memorysetup-temp-allocator-size-preload-manager=33554432"
    "memorysetup-temp-allocator-size-nav-mesh-worker=65536"
    "memorysetup-temp-allocator-size-audio-worker=65536"
    "memorysetup-temp-allocator-size-cloud-worker=32768"
    "memorysetup-temp-allocator-size-gi-baking-worker=262144"
    "memorysetup-temp-allocator-size-gfx=262144"
Refreshing native plugins compatible for Editor in 81.41 ms, found 3 plugins.
Preloading 0 native plugins for Editor in 0.00 ms.
Initialize engine version: 2021.3.1f1 (3b70a0754835)
[Subsystems] Discovering subsystems at path C:/Program Files/Unity/Hub/Editor/2021.3.1f1/Editor/Data/Resources/UnitySubsystems
[Subsystems] Discovering subsystems at path C:/Users/jakub/Yeet Game/Assets
GfxDevice: creating device client; threaded=0; jobified=0
Direct3D:
    Version:  Direct3D 11.0 [level 11.1]
    Renderer: AMD Radeon(TM) Graphics (ID=0x1636)
    Vendor:   ATI
    VRAM:     7866 MB
    Driver:   27.20.15002.118
Initialize mono
Mono path[0] = 'C:/Program Files/Unity/Hub/Editor/2021.3.1f1/Editor/Data/Managed'
Mono path[1] = 'C:/Program Files/Unity/Hub/Editor/2021.3.1f1/Editor/Data/MonoBleedingEdge/lib/mono/unityjit-win32'
Mono config path = 'C:/Program Files/Unity/Hub/Editor/2021.3.1f1/Editor/Data/MonoBleedingEdge/etc'
Using monoOptions --debugger-agent=transport=dt_socket,embedding=1,server=y,suspend=n,address=127.0.0.1:56880
Begin MonoManager ReloadAssembly
Registering precompiled unity dll's ...
Register platform support module: C:/Program Files/Unity/Hub/Editor/2021.3.1f1/Editor/Data/PlaybackEngines/WebGLSupport/UnityEditor.WebGL.Extensions.dll
Register platform support module: C:/Program Files/Unity/Hub/Editor/2021.3.1f1/Editor/Data/PlaybackEngines/WindowsStandaloneSupport/UnityEditor.WindowsStandalone.Extensions.dll
Registered in 0.008727 seconds.
Native extension for WindowsStandalone target not found
Native extension for WebGL target not found
Refreshing native plugins compatible for Editor in 79.59 ms, found 3 plugins.
Preloading 0 native plugins for Editor in 0.00 ms.
Mono: successfully reloaded assembly
- Completed reload, in  0.699 seconds
Domain Reload Profiling:
	ReloadAssembly (699ms)
		BeginReloadAssembly (76ms)
			ExecutionOrderSort (0ms)
			DisableScriptedObjects (0ms)
			BackupInstance (0ms)
			ReleaseScriptingObjects (0ms)
			CreateAndSetChildDomain (1ms)
		EndReloadAssembly (500ms)
			LoadAssemblies (74ms)
			RebuildTransferFunctionScriptingTraits (0ms)
			SetupTypeCache (104ms)
			ReleaseScriptCaches (0ms)
			RebuildScriptCaches (48ms)
			SetupLoadedEditorAssemblies (294ms)
				LogAssemblyErrors (0ms)
				InitializePlatformSupportModulesInManaged (11ms)
				SetLoadedEditorAssemblies (0ms)
				RefreshPlugins (80ms)
				BeforeProcessingInitializeOnLoad (2ms)
				ProcessInitializeOnLoadAttributes (148ms)
				ProcessInitializeOnLoadMethodAttributes (54ms)
				AfterProcessingInitializeOnLoad (0ms)
				EditorAssembliesLoaded (1ms)
			ExecutionOrderSort2 (0ms)
			AwakeInstancesAfterBackupRestoration (0ms)
Platform modules already initialized, skipping
Registering precompiled user dll's ...
Registered in 0.004479 seconds.
Begin MonoManager ReloadAssembly
Symbol file LoadedFromMemory doesn't match image C:\Users\jakub\Yeet Game\Library\PackageCache\com.unity.visualscripting@1.7.6\Editor\VisualScripting.Core\Dependencies\YamlDotNet\Unity.VisualScripting.YamlDotNet.dll
Symbol file LoadedFromMemory is not a mono symbol file
Symbol file LoadedFromMemory doesn't match image C:\Users\jakub\Yeet Game\Library\PackageCache\com.unity.visualscripting@1.7.6\Editor\VisualScripting.Core\Dependencies\DotNetZip\Unity.VisualScripting.IonicZip.dll
Native extension for WindowsStandalone target not found
Native extension for WebGL target not found
Refreshing native plugins compatible for Editor in 0.57 ms, found 3 plugins.
Preloading 0 native plugins for Editor in 0.00 ms.
Mono: successfully reloaded assembly
- Completed reload, in  1.048 seconds
Domain Reload Profiling:
	ReloadAssembly (1049ms)
		BeginReloadAssembly (117ms)
			ExecutionOrderSort (0ms)
			DisableScriptedObjects (9ms)
			BackupInstance (0ms)
			ReleaseScriptingObjects (0ms)
			CreateAndSetChildDomain (22ms)
		EndReloadAssembly (816ms)
			LoadAssemblies (87ms)
			RebuildTransferFunctionScriptingTraits (0ms)
			SetupTypeCache (249ms)
			ReleaseScriptCaches (1ms)
			RebuildScriptCaches (61ms)
			SetupLoadedEditorAssemblies (375ms)
				LogAssemblyErrors (0ms)
				InitializePlatformSupportModulesInManaged (9ms)
				SetLoadedEditorAssemblies (0ms)
				RefreshPlugins (1ms)
				BeforeProcessingInitializeOnLoad (91ms)
				ProcessInitializeOnLoadAttributes (241ms)
				ProcessInitializeOnLoadMethodAttributes (25ms)
				AfterProcessingInitializeOnLoad (8ms)
				EditorAssembliesLoaded (0ms)
			ExecutionOrderSort2 (0ms)
			AwakeInstancesAfterBackupRestoration (5ms)
Platform modules already initialized, skipping
========================================================================
Worker process is ready to serve import requests
Launched and connected shader compiler UnityShaderCompiler.exe after 0.06 seconds
Refreshing native plugins compatible for Editor in 0.58 ms, found 3 plugins.
Preloading 0 native plugins for Editor in 0.00 ms.
Unloading 3234 Unused Serialized files (Serialized files now loaded: 0)
Unloading 23 unused Assets / (112.2 KB). Loaded Objects now: 3709.
Memory consumption went from 124.4 MB to 124.3 MB.
Total: 3.414100 ms (FindLiveObjects: 0.300600 ms CreateObjectMapping: 0.081300 ms MarkObjects: 2.923100 ms  DeleteObjects: 0.108200 ms)

AssetImportParameters requested are different than current active one (requested -> active):
  custom:video-decoder-ogg-theora: a1e56fd34408186e4bbccfd4996cb3dc -> 
  custom:container-muxer-webm: aa71ff27fc2769a1b78a27578f13a17b -> 
  custom:container-demuxer-webm: 4f35f7cbe854078d1ac9338744f61a02 -> 
  custom:video-encoder-webm-vp8: eb34c28f22e8b96e1ab97ce403110664 -> 
  custom:audio-encoder-webm-vorbis: bf7c407c2cedff20999df2af8eb42d56 -> 
  custom:framework-win-MediaFoundation: 216162199b28c13a410421893ffa2e32 -> 
  custom:container-demuxer-ogg: 62fdf1f143b41e24485cea50d1cbac27 -> 
  custom:video-decoder-webm-vp8: 9c59270c3fd7afecdb556c50c9e8de78 -> 
  custom:audio-decoder-ogg-vorbis: bf7c407c2cedff20999df2af8eb42d56 -> 
========================================================================
Received Import Request.
  Time since last request: 205553.130381 seconds.
  path: Assets/New Physic Material.physicMaterial
  artifactKey: Guid(992637acc12b9454196ac943c2ab8225) Importer(815301076,1909f56bfc062723c751e8b465ee728b)
Start importing Assets/New Physic Material.physicMaterial using Guid(992637acc12b9454196ac943c2ab8225) Importer(815301076,1909f56bfc062723c751e8b465ee728b)  -> (artifact id: 'cfa929cb82e1a2e2c4e8c8f69e370b88') in 0.044414 seconds 
========================================================================
Received Prepare
Registering precompiled user dll's ...
Registered in 0.004144 seconds.
Begin MonoManager ReloadAssembly
Symbol file LoadedFromMemory doesn't match image C:\Users\jakub\Yeet Game\Library\PackageCache\com.unity.visualscripting@1.7.6\Editor\VisualScripting.Core\Dependencies\YamlDotNet\Unity.VisualScripting.YamlDotNet.dll
Symbol file LoadedFromMemory is not a mono symbol file
Symbol file LoadedFromMemory doesn't match image C:\Users\jakub\Yeet Game\Library\PackageCache\com.unity.visualscripting@1.7.6\Editor\VisualScripting.Core\Dependencies\DotNetZip\Unity.VisualScripting.IonicZip.dll
Native extension for WindowsStandalone target not found
Native extension for WebGL target not found
Refreshing native plugins compatible for Editor in 0.69 ms, found 3 plugins.
Preloading 0 native plugins for Editor in 0.00 ms.
Mono: successfully reloaded assembly
- Completed reload, in  1.045 seconds
Domain Reload Profiling:
	ReloadAssembly (1046ms)
		BeginReloadAssembly (159ms)
			ExecutionOrderSort (0ms)
			DisableScriptedObjects (8ms)
			BackupInstance (0ms)
			ReleaseScriptingObjects (0ms)
			CreateAndSetChildDomain (36ms)
		EndReloadAssembly (786ms)
			LoadAssemblies (96ms)
			RebuildTransferFunctionScriptingTraits (0ms)
			SetupTypeCache (253ms)
			ReleaseScriptCaches (2ms)
			RebuildScriptCaches (50ms)
			SetupLoadedEditorAssemblies (352ms)
				LogAssemblyErrors (0ms)
				InitializePlatformSupportModulesInManaged (17ms)
				SetLoadedEditorAssemblies (1ms)
				RefreshPlugins (1ms)
				BeforeProcessingInitializeOnLoad (73ms)
				ProcessInitializeOnLoadAttributes (224ms)
				ProcessInitializeOnLoadMethodAttributes (27ms)
				AfterProcessingInitializeOnLoad (9ms)
				EditorAssembliesLoaded (1ms)
			ExecutionOrderSort2 (0ms)
			AwakeInstancesAfterBackupRestoration (6ms)
Platform modules already initialized, skipping
Refreshing native plugins compatible for Editor in 1.59 ms, found 3 plugins.
Preloading 0 native plugins for Editor in 0.00 ms.
Unloading 3231 Unused Serialized files (Serialized files now loaded: 0)
Unloading 16 unused Assets / (79.1 KB). Loaded Objects now: 3714.
Memory consumption went from 124.3 MB to 124.3 MB.
Total: 2.771900 ms (FindLiveObjects: 0.365500 ms CreateObjectMapping: 0.138100 ms MarkObjects: 2.178900 ms  DeleteObjects: 0.087500 ms)

AssetImportParameters requested are different than current active one (requested -> active):
  custom:video-decoder-ogg-theora: a1e56fd34408186e4bbccfd4996cb3dc -> 
  custom:container-muxer-webm: aa71ff27fc2769a1b78a27578f13a17b -> 
  custom:container-demuxer-webm: 4f35f7cbe854078d1ac9338744f61a02 -> 
  custom:video-encoder-webm-vp8: eb34c28f22e8b96e1ab97ce403110664 -> 
  custom:audio-encoder-webm-vorbis: bf7c407c2cedff20999df2af8eb42d56 -> 
  custom:framework-win-MediaFoundation: 216162199b28c13a410421893ffa2e32 -> 
  custom:container-demuxer-ogg: 62fdf1f143b41e24485cea50d1cbac27 -> 
  custom:video-decoder-webm-vp8: 9c59270c3fd7afecdb556c50c9e8de78 -> 
  custom:audio-decoder-ogg-vorbis: bf7c407c2cedff20999df2af8eb42d56 -> 
========================================================================
Received Prepare
Registering precompiled user dll's ...
Registered in 0.003936 seconds.
Begin MonoManager ReloadAssembly
Symbol file LoadedFromMemory doesn't match image C:\Users\jakub\Yeet Game\Library\PackageCache\com.unity.visualscripting@1.7.6\Editor\VisualScripting.Core\Dependencies\YamlDotNet\Unity.VisualScripting.YamlDotNet.dll
Symbol file LoadedFromMemory is not a mono symbol file
Symbol file LoadedFromMemory doesn't match image C:\Users\jakub\Yeet Game\Library\PackageCache\com.unity.visualscripting@1.7.6\Editor\VisualScripting.Core\Dependencies\DotNetZip\Unity.VisualScripting.IonicZip.dll
Native extension for WindowsStandalone target not found
Native extension for WebGL target not found
Refreshing native plugins compatible for Editor in 0.62 ms, found 3 plugins.
Preloading 0 native plugins for Editor in 0.00 ms.
Mono: successfully reloaded assembly
- Completed reload, in  1.122 seconds
Domain Reload Profiling:
	ReloadAssembly (1123ms)
		BeginReloadAssembly (166ms)
			ExecutionOrderSort (0ms)
			DisableScriptedObjects (7ms)
			BackupInstance (0ms)
			ReleaseScriptingObjects (0ms)
			CreateAndSetChildDomain (42ms)
		EndReloadAssembly (816ms)
			LoadAssemblies (106ms)
			RebuildTransferFunctionScriptingTraits (0ms)
			SetupTypeCache (271ms)
			ReleaseScriptCaches (1ms)
			RebuildScriptCaches (51ms)
			SetupLoadedEditorAssemblies (351ms)
				LogAssemblyErrors (0ms)
				InitializePlatformSupportModulesInManaged (15ms)
				SetLoadedEditorAssemblies (0ms)
				RefreshPlugins (1ms)
				BeforeProcessingInitializeOnLoad (86ms)
				ProcessInitializeOnLoadAttributes (217ms)
				ProcessInitializeOnLoadMethodAttributes (23ms)
				AfterProcessingInitializeOnLoad (8ms)
				EditorAssembliesLoaded (0ms)
			ExecutionOrderSort2 (0ms)
			AwakeInstancesAfterBackupRestoration (6ms)
Platform modules already initialized, skipping
Refreshing native plugins compatible for Editor in 2.74 ms, found 3 plugins.
Preloading 0 native plugins for Editor in 0.00 ms.
Unloading 3233 Unused Serialized files (Serialized files now loaded: 0)
Unloading 16 unused Assets / (79.1 KB). Loaded Objects now: 3719.
Memory consumption went from 124.6 MB to 124.5 MB.
Total: 3.978900 ms (FindLiveObjects: 0.270600 ms CreateObjectMapping: 0.071100 ms MarkObjects: 3.537900 ms  DeleteObjects: 0.097300 ms)

AssetImportParameters requested are different than current active one (requested -> active):
  custom:video-decoder-ogg-theora: a1e56fd34408186e4bbccfd4996cb3dc -> 
  custom:container-muxer-webm: aa71ff27fc2769a1b78a27578f13a17b -> 
  custom:container-demuxer-webm: 4f35f7cbe854078d1ac9338744f61a02 -> 
  custom:video-encoder-webm-vp8: eb34c28f22e8b96e1ab97ce403110664 -> 
  custom:audio-encoder-webm-vorbis: bf7c407c2cedff20999df2af8eb42d56 -> 
  custom:framework-win-MediaFoundation: 216162199b28c13a410421893ffa2e32 -> 
  custom:container-demuxer-ogg: 62fdf1f143b41e24485cea50d1cbac27 -> 
  custom:video-decoder-webm-vp8: 9c59270c3fd7afecdb556c50c9e8de78 -> 
  custom:audio-decoder-ogg-vorbis: bf7c407c2cedff20999df2af8eb42d56 -> 
========================================================================
Received Prepare
Registering precompiled user dll's ...
Registered in 0.005194 seconds.
Begin MonoManager ReloadAssembly
Symbol file LoadedFromMemory doesn't match image C:\Users\jakub\Yeet Game\Library\PackageCache\com.unity.visualscripting@1.7.6\Editor\VisualScripting.Core\Dependencies\YamlDotNet\Unity.VisualScripting.YamlDotNet.dll
Symbol file LoadedFromMemory is not a mono symbol file
Symbol file LoadedFromMemory doesn't match image C:\Users\jakub\Yeet Game\Library\PackageCache\com.unity.visualscripting@1.7.6\Editor\VisualScripting.Core\Dependencies\DotNetZip\Unity.VisualScripting.IonicZip.dll
Native extension for WindowsStandalone target not found
Native extension for WebGL target not found
Refreshing native plugins compatible for Editor in 0.65 ms, found 3 plugins.
Preloading 0 native plugins for Editor in 0.00 ms.
Mono: successfully reloaded assembly
- Completed reload, in  1.029 seconds
Domain Reload Profiling:
	ReloadAssembly (1029ms)
		BeginReloadAssembly (139ms)
			ExecutionOrderSort (0ms)
			DisableScriptedObjects (6ms)
			BackupInstance (0ms)
			ReleaseScriptingObjects (0ms)
			CreateAndSetChildDomain (35ms)
		EndReloadAssembly (788ms)
			LoadAssemblies (95ms)
			RebuildTransferFunctionScriptingTraits (0ms)
			SetupTypeCache (263ms)
			ReleaseScriptCaches (1ms)
			RebuildScriptCaches (52ms)
			SetupLoadedEditorAssemblies (341ms)
				LogAssemblyErrors (0ms)
				InitializePlatformSupportModulesInManaged (15ms)
				SetLoadedEditorAssemblies (0ms)
				RefreshPlugins (1ms)
				BeforeProcessingInitializeOnLoad (72ms)
				ProcessInitializeOnLoadAttributes (221ms)
				ProcessInitializeOnLoadMethodAttributes (24ms)
				AfterProcessingInitializeOnLoad (8ms)
				EditorAssembliesLoaded (0ms)
			ExecutionOrderSort2 (0ms)
			AwakeInstancesAfterBackupRestoration (6ms)
Platform modules already initialized, skipping
Refreshing native plugins compatible for Editor in 2.20 ms, found 3 plugins.
Preloading 0 native plugins for Editor in 0.00 ms.
Unloading 3234 Unused Serialized files (Serialized files now loaded: 0)
Unloading 16 unused Assets / (79.2 KB). Loaded Objects now: 3723.
Memory consumption went from 124.7 MB to 124.6 MB.
Total: 3.090300 ms (FindLiveObjects: 0.338800 ms CreateObjectMapping: 0.067900 ms MarkObjects: 2.584200 ms  DeleteObjects: 0.096400 ms)

AssetImportParameters requested are different than current active one (requested -> active):
  custom:video-decoder-ogg-theora: a1e56fd34408186e4bbccfd4996cb3dc -> 
  custom:container-muxer-webm: aa71ff27fc2769a1b78a27578f13a17b -> 
  custom:container-demuxer-webm: 4f35f7cbe854078d1ac9338744f61a02 -> 
  custom:video-encoder-webm-vp8: eb34c28f22e8b96e1ab97ce403110664 -> 
  custom:audio-encoder-webm-vorbis: bf7c407c2cedff20999df2af8eb42d56 -> 
  custom:framework-win-MediaFoundation: 216162199b28c13a410421893ffa2e32 -> 
  custom:container-demuxer-ogg: 62fdf1f143b41e24485cea50d1cbac27 -> 
  custom:video-decoder-webm-vp8: 9c59270c3fd7afecdb556c50c9e8de78 -> 
  custom:audio-decoder-ogg-vorbis: bf7c407c2cedff20999df2af8eb42d56 -> 
========================================================================
Received Prepare
Registering precompiled user dll's ...
Registered in 0.003864 seconds.
Begin MonoManager ReloadAssembly
Symbol file LoadedFromMemory doesn't match image C:\Users\jakub\Yeet Game\Library\PackageCache\com.unity.visualscripting@1.7.6\Editor\VisualScripting.Core\Dependencies\YamlDotNet\Unity.VisualScripting.YamlDotNet.dll
Symbol file LoadedFromMemory is not a mono symbol file
Symbol file LoadedFromMemory doesn't match image C:\Users\jakub\Yeet Game\Library\PackageCache\com.unity.visualscripting@1.7.6\Editor\VisualScripting.Core\Dependencies\DotNetZip\Unity.VisualScripting.IonicZip.dll
Native extension for WindowsStandalone target not found
Native extension for WebGL target not found
Refreshing native plugins compatible for Editor in 1.27 ms, found 3 plugins.
Preloading 0 native plugins for Editor in 0.00 ms.
Mono: successfully reloaded assembly
- Completed reload, in  1.251 seconds
Domain Reload Profiling:
	ReloadAssembly (1252ms)
		BeginReloadAssembly (139ms)
			ExecutionOrderSort (0ms)
			DisableScriptedObjects (7ms)
			BackupInstance (0ms)
			ReleaseScriptingObjects (0ms)
			CreateAndSetChildDomain (36ms)
		EndReloadAssembly (1011ms)
			LoadAssemblies (87ms)
			RebuildTransferFunctionScriptingTraits (0ms)
			SetupTypeCache (325ms)
			ReleaseScriptCaches (2ms)
			RebuildScriptCaches (63ms)
			SetupLoadedEditorAssemblies (459ms)
				LogAssemblyErrors (0ms)
				InitializePlatformSupportModulesInManaged (20ms)
				SetLoadedEditorAssemblies (1ms)
				RefreshPlugins (1ms)
				BeforeProcessingInitializeOnLoad (99ms)
				ProcessInitializeOnLoadAttributes (292ms)
				ProcessInitializeOnLoadMethodAttributes (34ms)
				AfterProcessingInitializeOnLoad (11ms)
				EditorAssembliesLoaded (0ms)
			ExecutionOrderSort2 (0ms)
			AwakeInstancesAfterBackupRestoration (8ms)
Platform modules already initialized, skipping
Refreshing native plugins compatible for Editor in 3.43 ms, found 3 plugins.
Preloading 0 native plugins for Editor in 0.00 ms.
Unloading 3234 Unused Serialized files (Serialized files now loaded: 0)
Unloading 16 unused Assets / (79.1 KB). Loaded Objects now: 3726.
Memory consumption went from 126.6 MB to 126.5 MB.
Total: 5.302100 ms (FindLiveObjects: 0.857400 ms CreateObjectMapping: 0.215100 ms MarkObjects: 3.938000 ms  DeleteObjects: 0.287400 ms)

AssetImportParameters requested are different than current active one (requested -> active):
  custom:video-decoder-ogg-theora: a1e56fd34408186e4bbccfd4996cb3dc -> 
  custom:container-muxer-webm: aa71ff27fc2769a1b78a27578f13a17b -> 
  custom:container-demuxer-webm: 4f35f7cbe854078d1ac9338744f61a02 -> 
  custom:video-encoder-webm-vp8: eb34c28f22e8b96e1ab97ce403110664 -> 
  custom:audio-encoder-webm-vorbis: bf7c407c2cedff20999df2af8eb42d56 -> 
  custom:framework-win-MediaFoundation: 216162199b28c13a410421893ffa2e32 -> 
  custom:container-demuxer-ogg: 62fdf1f143b41e24485cea50d1cbac27 -> 
  custom:video-decoder-webm-vp8: 9c59270c3fd7afecdb556c50c9e8de78 -> 
  custom:audio-decoder-ogg-vorbis: bf7c407c2cedff20999df2af8eb42d56 -> 
========================================================================
Received Prepare
Registering precompiled user dll's ...
Registered in 0.003874 seconds.
Begin MonoManager ReloadAssembly
Symbol file LoadedFromMemory doesn't match image C:\Users\jakub\Yeet Game\Library\PackageCache\com.unity.visualscripting@1.7.6\Editor\VisualScripting.Core\Dependencies\YamlDotNet\Unity.VisualScripting.YamlDotNet.dll
Symbol file LoadedFromMemory is not a mono symbol file
Symbol file LoadedFromMemory doesn't match image C:\Users\jakub\Yeet Game\Library\PackageCache\com.unity.visualscripting@1.7.6\Editor\VisualScripting.Core\Dependencies\DotNetZip\Unity.VisualScripting.IonicZip.dll
Native extension for WindowsStandalone target not found
Native extension for WebGL target not found
Refreshing native plugins compatible for Editor in 1.27 ms, found 3 plugins.
Preloading 0 native plugins for Editor in 0.00 ms.
Mono: successfully reloaded assembly
- Completed reload, in  1.198 seconds
Domain Reload Profiling:
	ReloadAssembly (1199ms)
		BeginReloadAssembly (140ms)
			ExecutionOrderSort (0ms)
			DisableScriptedObjects (6ms)
			BackupInstance (0ms)
			ReleaseScriptingObjects (0ms)
			CreateAndSetChildDomain (35ms)
		EndReloadAssembly (957ms)
			LoadAssemblies (93ms)
			RebuildTransferFunctionScriptingTraits (0ms)
			SetupTypeCache (296ms)
			ReleaseScriptCaches (2ms)
			RebuildScriptCaches (64ms)
			SetupLoadedEditorAssemblies (431ms)
				LogAssemblyErrors (0ms)
				InitializePlatformSupportModulesInManaged (20ms)
				SetLoadedEditorAssemblies (1ms)
				RefreshPlugins (1ms)
				BeforeProcessingInitializeOnLoad (91ms)
				ProcessInitializeOnLoadAttributes (276ms)
				ProcessInitializeOnLoadMethodAttributes (31ms)
				AfterProcessingInitializeOnLoad (10ms)
				EditorAssembliesLoaded (1ms)
			ExecutionOrderSort2 (0ms)
			AwakeInstancesAfterBackupRestoration (8ms)
Platform modules already initialized, skipping
Refreshing native plugins compatible for Editor in 3.49 ms, found 3 plugins.
Preloading 0 native plugins for Editor in 0.00 ms.
Unloading 3234 Unused Serialized files (Serialized files now loaded: 0)
Unloading 16 unused Assets / (79.2 KB). Loaded Objects now: 3729.
Memory consumption went from 126.6 MB to 126.6 MB.
Total: 4.554300 ms (FindLiveObjects: 0.435400 ms CreateObjectMapping: 0.091100 ms MarkObjects: 3.736500 ms  DeleteObjects: 0.289000 ms)

AssetImportParameters requested are different than current active one (requested -> active):
  custom:video-decoder-ogg-theora: a1e56fd34408186e4bbccfd4996cb3dc -> 
  custom:container-muxer-webm: aa71ff27fc2769a1b78a27578f13a17b -> 
  custom:container-demuxer-webm: 4f35f7cbe854078d1ac9338744f61a02 -> 
  custom:video-encoder-webm-vp8: eb34c28f22e8b96e1ab97ce403110664 -> 
  custom:audio-encoder-webm-vorbis: bf7c407c2cedff20999df2af8eb42d56 -> 
  custom:framework-win-MediaFoundation: 216162199b28c13a410421893ffa2e32 -> 
  custom:container-demuxer-ogg: 62fdf1f143b41e24485cea50d1cbac27 -> 
  custom:video-decoder-webm-vp8: 9c59270c3fd7afecdb556c50c9e8de78 -> 
  custom:audio-decoder-ogg-vorbis: bf7c407c2cedff20999df2af8eb42d56 -> 
========================================================================
Received Prepare
Registering precompiled user dll's ...
Registered in 0.003867 seconds.
Begin MonoManager ReloadAssembly
Symbol file LoadedFromMemory doesn't match image C:\Users\jakub\Yeet Game\Library\PackageCache\com.unity.visualscripting@1.7.6\Editor\VisualScripting.Core\Dependencies\YamlDotNet\Unity.VisualScripting.YamlDotNet.dll
Symbol file LoadedFromMemory is not a mono symbol file
Symbol file LoadedFromMemory doesn't match image C:\Users\jakub\Yeet Game\Library\PackageCache\com.unity.visualscripting@1.7.6\Editor\VisualScripting.Core\Dependencies\DotNetZip\Unity.VisualScripting.IonicZip.dll
Native extension for WindowsStandalone target not found
Native extension for WebGL target not found
Refreshing native plugins compatible for Editor in 1.25 ms, found 3 plugins.
Preloading 0 native plugins for Editor in 0.00 ms.
Mono: successfully reloaded assembly
- Completed reload, in  1.232 seconds
Domain Reload Profiling:
	ReloadAssembly (1233ms)
		BeginReloadAssembly (134ms)
			ExecutionOrderSort (0ms)
			DisableScriptedObjects (6ms)
			BackupInstance (0ms)
			ReleaseScriptingObjects (0ms)
			CreateAndSetChildDomain (34ms)
		EndReloadAssembly (997ms)
			LoadAssemblies (86ms)
			RebuildTransferFunctionScriptingTraits (0ms)
			SetupTypeCache (299ms)
			ReleaseScriptCaches (2ms)
			RebuildScriptCaches (68ms)
			SetupLoadedEditorAssemblies (468ms)
				LogAssemblyErrors (0ms)
				InitializePlatformSupportModulesInManaged (19ms)
				SetLoadedEditorAssemblies (1ms)
				RefreshPlugins (1ms)
				BeforeProcessingInitializeOnLoad (97ms)
				ProcessInitializeOnLoadAttributes (302ms)
				ProcessInitializeOnLoadMethodAttributes (35ms)
				AfterProcessingInitializeOnLoad (12ms)
				EditorAssembliesLoaded (0ms)
			ExecutionOrderSort2 (0ms)
			AwakeInstancesAfterBackupRestoration (8ms)
Platform modules already initialized, skipping
Refreshing native plugins compatible for Editor in 3.49 ms, found 3 plugins.
Preloading 0 native plugins for Editor in 0.00 ms.
Unloading 3234 Unused Serialized files (Serialized files now loaded: 0)
Unloading 16 unused Assets / (79.2 KB). Loaded Objects now: 3732.
Memory consumption went from 126.6 MB to 126.6 MB.
Total: 5.429200 ms (FindLiveObjects: 0.381000 ms CreateObjectMapping: 0.157700 ms MarkObjects: 4.764900 ms  DeleteObjects: 0.123400 ms)

AssetImportParameters requested are different than current active one (requested -> active):
  custom:video-decoder-ogg-theora: a1e56fd34408186e4bbccfd4996cb3dc -> 
  custom:container-muxer-webm: aa71ff27fc2769a1b78a27578f13a17b -> 
  custom:container-demuxer-webm: 4f35f7cbe854078d1ac9338744f61a02 -> 
  custom:video-encoder-webm-vp8: eb34c28f22e8b96e1ab97ce403110664 -> 
  custom:audio-encoder-webm-vorbis: bf7c407c2cedff20999df2af8eb42d56 -> 
  custom:framework-win-MediaFoundation: 216162199b28c13a410421893ffa2e32 -> 
  custom:container-demuxer-ogg: 62fdf1f143b41e24485cea50d1cbac27 -> 
  custom:video-decoder-webm-vp8: 9c59270c3fd7afecdb556c50c9e8de78 -> 
  custom:audio-decoder-ogg-vorbis: bf7c407c2cedff20999df2af8eb42d56 -> 
========================================================================
Received Prepare
Registering precompiled user dll's ...
Registered in 0.003887 seconds.
Begin MonoManager ReloadAssembly
Symbol file LoadedFromMemory doesn't match image C:\Users\jakub\Yeet Game\Library\PackageCache\com.unity.visualscripting@1.7.6\Editor\VisualScripting.Core\Dependencies\YamlDotNet\Unity.VisualScripting.YamlDotNet.dll
Symbol file LoadedFromMemory is not a mono symbol file
Symbol file LoadedFromMemory doesn't match image C:\Users\jakub\Yeet Game\Library\PackageCache\com.unity.visualscripting@1.7.6\Editor\VisualScripting.Core\Dependencies\DotNetZip\Unity.VisualScripting.IonicZip.dll
Native extension for WindowsStandalone target not found
Native extension for WebGL target not found
Refreshing native plugins compatible for Editor in 0.95 ms, found 3 plugins.
Preloading 0 native plugins for Editor in 0.00 ms.
Mono: successfully reloaded assembly
- Completed reload, in  1.094 seconds
Domain Reload Profiling:
	ReloadAssembly (1095ms)
		BeginReloadAssembly (135ms)
			ExecutionOrderSort (0ms)
			DisableScriptedObjects (7ms)
			BackupInstance (0ms)
			ReleaseScriptingObjects (0ms)
			CreateAndSetChildDomain (35ms)
		EndReloadAssembly (860ms)
			LoadAssemblies (90ms)
			RebuildTransferFunctionScriptingTraits (0ms)
			SetupTypeCache (258ms)
			ReleaseScriptCaches (1ms)
			RebuildScriptCaches (54ms)
			SetupLoadedEditorAssemblies (392ms)
				LogAssemblyErrors (0ms)
				InitializePlatformSupportModulesInManaged (16ms)
				SetLoadedEditorAssemblies (0ms)
				RefreshPlugins (1ms)
				BeforeProcessingInitializeOnLoad (84ms)
				ProcessInitializeOnLoadAttributes (251ms)
				ProcessInitializeOnLoadMethodAttributes (30ms)
				AfterProcessingInitializeOnLoad (10ms)
				EditorAssembliesLoaded (0ms)
			ExecutionOrderSort2 (0ms)
			AwakeInstancesAfterBackupRestoration (7ms)
Platform modules already initialized, skipping
Refreshing native plugins compatible for Editor in 2.07 ms, found 3 plugins.
Preloading 0 native plugins for Editor in 0.00 ms.
Unloading 3234 Unused Serialized files (Serialized files now loaded: 0)
Unloading 16 unused Assets / (79.1 KB). Loaded Objects now: 3735.
Memory consumption went from 126.7 MB to 126.6 MB.
Total: 2.997400 ms (FindLiveObjects: 0.272200 ms CreateObjectMapping: 0.091300 ms MarkObjects: 2.530000 ms  DeleteObjects: 0.102300 ms)

AssetImportParameters requested are different than current active one (requested -> active):
  custom:video-decoder-ogg-theora: a1e56fd34408186e4bbccfd4996cb3dc -> 
  custom:container-muxer-webm: aa71ff27fc2769a1b78a27578f13a17b -> 
  custom:container-demuxer-webm: 4f35f7cbe854078d1ac9338744f61a02 -> 
  custom:video-encoder-webm-vp8: eb34c28f22e8b96e1ab97ce403110664 -> 
  custom:audio-encoder-webm-vorbis: bf7c407c2cedff20999df2af8eb42d56 -> 
  custom:framework-win-MediaFoundation: 216162199b28c13a410421893ffa2e32 -> 
  custom:container-demuxer-ogg: 62fdf1f143b41e24485cea50d1cbac27 -> 
  custom:video-decoder-webm-vp8: 9c59270c3fd7afecdb556c50c9e8de78 -> 
  custom:audio-decoder-ogg-vorbis: bf7c407c2cedff20999df2af8eb42d56 -> 
========================================================================
Received Prepare
Registering precompiled user dll's ...
Registered in 0.003908 seconds.
Begin MonoManager ReloadAssembly
Symbol file LoadedFromMemory doesn't match image C:\Users\jakub\Yeet Game\Library\PackageCache\com.unity.visualscripting@1.7.6\Editor\VisualScripting.Core\Dependencies\YamlDotNet\Unity.VisualScripting.YamlDotNet.dll
Symbol file LoadedFromMemory is not a mono symbol file
Symbol file LoadedFromMemory doesn't match image C:\Users\jakub\Yeet Game\Library\PackageCache\com.unity.visualscripting@1.7.6\Editor\VisualScripting.Core\Dependencies\DotNetZip\Unity.VisualScripting.IonicZip.dll
Native extension for WindowsStandalone target not found
Native extension for WebGL target not found
Refreshing native plugins compatible for Editor in 0.73 ms, found 3 plugins.
Preloading 0 native plugins for Editor in 0.00 ms.
Mono: successfully reloaded assembly
- Completed reload, in  1.066 seconds
Domain Reload Profiling:
	ReloadAssembly (1067ms)
		BeginReloadAssembly (137ms)
			ExecutionOrderSort (0ms)
			DisableScriptedObjects (6ms)
			BackupInstance (0ms)
			ReleaseScriptingObjects (0ms)
			CreateAndSetChildDomain (37ms)
		EndReloadAssembly (828ms)
			LoadAssemblies (89ms)
			RebuildTransferFunctionScriptingTraits (0ms)
			SetupTypeCache (310ms)
			ReleaseScriptCaches (1ms)
			RebuildScriptCaches (47ms)
			SetupLoadedEditorAssemblies (325ms)
				LogAssemblyErrors (0ms)
				InitializePlatformSupportModulesInManaged (14ms)
				SetLoadedEditorAssemblies (0ms)
				RefreshPlugins (1ms)
				BeforeProcessingInitializeOnLoad (72ms)
				ProcessInitializeOnLoadAttributes (206ms)
				ProcessInitializeOnLoadMethodAttributes (24ms)
				AfterProcessingInitializeOnLoad (8ms)
				EditorAssembliesLoaded (0ms)
			ExecutionOrderSort2 (0ms)
			AwakeInstancesAfterBackupRestoration (7ms)
Platform modules already initialized, skipping
Refreshing native plugins compatible for Editor in 1.76 ms, found 3 plugins.
Preloading 0 native plugins for Editor in 0.00 ms.
Unloading 3233 Unused Serialized files (Serialized files now loaded: 0)
Unloading 17 unused Assets / (79.2 KB). Loaded Objects now: 3737.
Memory consumption went from 126.6 MB to 126.6 MB.
Total: 2.859600 ms (FindLiveObjects: 0.317800 ms CreateObjectMapping: 0.071900 ms MarkObjects: 2.370700 ms  DeleteObjects: 0.097300 ms)

AssetImportParameters requested are different than current active one (requested -> active):
  custom:video-decoder-ogg-theora: a1e56fd34408186e4bbccfd4996cb3dc -> 
  custom:container-muxer-webm: aa71ff27fc2769a1b78a27578f13a17b -> 
  custom:container-demuxer-webm: 4f35f7cbe854078d1ac9338744f61a02 -> 
  custom:video-encoder-webm-vp8: eb34c28f22e8b96e1ab97ce403110664 -> 
  custom:audio-encoder-webm-vorbis: bf7c407c2cedff20999df2af8eb42d56 -> 
  custom:framework-win-MediaFoundation: 216162199b28c13a410421893ffa2e32 -> 
  custom:container-demuxer-ogg: 62fdf1f143b41e24485cea50d1cbac27 -> 
  custom:video-decoder-webm-vp8: 9c59270c3fd7afecdb556c50c9e8de78 -> 
  custom:audio-decoder-ogg-vorbis: bf7c407c2cedff20999df2af8eb42d56 -> 
========================================================================
Received Import Request.
  Time since last request: 1013.954193 seconds.
  path: Assets/Sci-Fi Styled Modular Pack/Animations
  artifactKey: Guid(bd233d1e21133c54c8a98546e614e351) Importer(815301076,1909f56bfc062723c751e8b465ee728b)
Start importing Assets/Sci-Fi Styled Modular Pack/Animations using Guid(bd233d1e21133c54c8a98546e614e351) Importer(815301076,1909f56bfc062723c751e8b465ee728b)  -> (artifact id: '58817234f7c85da1f6ed5655aea3a011') in 0.011997 seconds 
========================================================================
Received Import Request.
  Time since last request: 3.117116 seconds.
  path: Assets/Sci-Fi Styled Modular Pack/Animations/door_1_closed.anim
  artifactKey: Guid(6ffa4ee6d76e25345ba3ecf24d9ace90) Importer(815301076,1909f56bfc062723c751e8b465ee728b)
Start importing Assets/Sci-Fi Styled Modular Pack/Animations/door_1_closed.anim using Guid(6ffa4ee6d76e25345ba3ecf24d9ace90) Importer(815301076,1909f56bfc062723c751e8b465ee728b)  -> (artifact id: '3cc7d999d75b84c9f89a326d3d6ceeac') in 0.021318 seconds 
========================================================================
Received Import Request.
  Time since last request: 2.805706 seconds.
  path: Assets/Sci-Fi Styled Modular Pack/Animations/door_1_open.anim
  artifactKey: Guid(39fb454602ab93b4e9178987cb446212) Importer(815301076,1909f56bfc062723c751e8b465ee728b)
Start importing Assets/Sci-Fi Styled Modular Pack/Animations/door_1_open.anim using Guid(39fb454602ab93b4e9178987cb446212) Importer(815301076,1909f56bfc062723c751e8b465ee728b)  -> (artifact id: 'c9c1f8c325b8dfcd32e3429f056f5ab9') in 0.011082 seconds 
========================================================================
Received Import Request.
  Time since last request: 1.293653 seconds.
  path: Assets/Sci-Fi Styled Modular Pack/Animations/door_1_close.anim
  artifactKey: Guid(087510c99a61ba64c878537da1363a66) Importer(815301076,1909f56bfc062723c751e8b465ee728b)
Start importing Assets/Sci-Fi Styled Modular Pack/Animations/door_1_close.anim using Guid(087510c99a61ba64c878537da1363a66) Importer(815301076,1909f56bfc062723c751e8b465ee728b)  -> (artifact id: '05ba5da4d79d3fc43ea88d0eaead4883') in 0.008117 seconds 
========================================================================
Received Import Request.
  Time since last request: 1.149416 seconds.
  path: Assets/Sci-Fi Styled Modular Pack/Animations/glass_door_closed.anim
  artifactKey: Guid(308340e065945a047805a1d420547940) Importer(815301076,1909f56bfc062723c751e8b465ee728b)
Start importing Assets/Sci-Fi Styled Modular Pack/Animations/glass_door_closed.anim using Guid(308340e065945a047805a1d420547940) Importer(815301076,1909f56bfc062723c751e8b465ee728b)  -> (artifact id: '77d0a0bce53c7c133737b06943786b85') in 0.007693 seconds 
========================================================================
Received Import Request.
  Time since last request: 1.540215 seconds.
  path: Assets/Sci-Fi Styled Modular Pack/Animations/door_1_opened.anim
  artifactKey: Guid(bf742d1db80eba8479bec92e01824c6d) Importer(815301076,1909f56bfc062723c751e8b465ee728b)
Start importing Assets/Sci-Fi Styled Modular Pack/Animations/door_1_opened.anim using Guid(bf742d1db80eba8479bec92e01824c6d) Importer(815301076,1909f56bfc062723c751e8b465ee728b)  -> (artifact id: '70adad22d05c8ae8a703785cc8088a91') in 0.012546 seconds 
========================================================================
Received Import Request.
  Time since last request: 10.659867 seconds.
  path: Assets/Sci-Fi Styled Modular Pack/Materials/blue emission.mat
  artifactKey: Guid(5476ae29e2e50194abce19e5cacce575) Importer(815301076,1909f56bfc062723c751e8b465ee728b)
Start importing Assets/Sci-Fi Styled Modular Pack/Materials/blue emission.mat using Guid(5476ae29e2e50194abce19e5cacce575) Importer(815301076,1909f56bfc062723c751e8b465ee728b)  -> (artifact id: 'e8e46d626cadc3bf942a0777de2ac746') in 0.109875 seconds 
========================================================================
Received Import Request.
  Time since last request: 0.000024 seconds.
  path: Assets/Sci-Fi Styled Modular Pack/Materials/nature_bush.mat
  artifactKey: Guid(4256c7f593c13f84bbd6e74b481a6ec4) Importer(815301076,1909f56bfc062723c751e8b465ee728b)
Start importing Assets/Sci-Fi Styled Modular Pack/Materials/nature_bush.mat using Guid(4256c7f593c13f84bbd6e74b481a6ec4) Importer(815301076,1909f56bfc062723c751e8b465ee728b)  -> (artifact id: '2e2e23e682a2552d4d6d06142c5b8bb3') in 0.107340 seconds 
========================================================================
Received Import Request.
  Time since last request: 0.000027 seconds.
  path: Assets/Sci-Fi Styled Modular Pack/Materials/nature_leaves.mat
  artifactKey: Guid(5d84bcb5cc458944085f3169d277536d) Importer(815301076,1909f56bfc062723c751e8b465ee728b)
Start importing Assets/Sci-Fi Styled Modular Pack/Materials/nature_leaves.mat using Guid(5d84bcb5cc458944085f3169d277536d) Importer(815301076,1909f56bfc062723c751e8b465ee728b)  -> (artifact id: 'deea6a5fa93f7a2cfbb843bbfe1522b1') in 0.027258 seconds 
========================================================================
Received Import Request.
  Time since last request: 0.000019 seconds.
  path: Assets/Sci-Fi Styled Modular Pack/Materials/hologram_particle.mat
  artifactKey: Guid(d37e8378fe566f84a8b75b0083ec4838) Importer(815301076,1909f56bfc062723c751e8b465ee728b)
Start importing Assets/Sci-Fi Styled Modular Pack/Materials/hologram_particle.mat using Guid(d37e8378fe566f84a8b75b0083ec4838) Importer(815301076,1909f56bfc062723c751e8b465ee728b)  -> (artifact id: '2a1e3c05f51be47b87b94c1951184198') in 0.039521 seconds 
========================================================================
Received Import Request.
  Time since last request: 0.000018 seconds.
  path: Assets/Sci-Fi Styled Modular Pack/Materials/nature_ground.mat
  artifactKey: Guid(71c78677fdc08394da7fd716fb41a991) Importer(815301076,1909f56bfc062723c751e8b465ee728b)
Start importing Assets/Sci-Fi Styled Modular Pack/Materials/nature_ground.mat using Guid(71c78677fdc08394da7fd716fb41a991) Importer(815301076,1909f56bfc062723c751e8b465ee728b)  -> (artifact id: 'f30aa3c95b06ddd3172d62492152e70f') in 0.016849 seconds 
========================================================================
Received Import Request.
  Time since last request: 0.000022 seconds.
  path: Assets/Sci-Fi Styled Modular Pack/Materials/projector_warning.mat
  artifactKey: Guid(51d587eafcd13384bafd060c5bc7cb82) Importer(815301076,1909f56bfc062723c751e8b465ee728b)
Start importing Assets/Sci-Fi Styled Modular Pack/Materials/projector_warning.mat using Guid(51d587eafcd13384bafd060c5bc7cb82) Importer(815301076,1909f56bfc062723c751e8b465ee728b)  -> (artifact id: 'abb62a3df58e2848b4567786210c87c4') in 0.017653 seconds 
========================================================================
Received Import Request.
  Time since last request: 0.000021 seconds.
  path: Assets/Sci-Fi Styled Modular Pack/Materials/white emision.mat
  artifactKey: Guid(6b6dfd77776c54a4781ec8cab4d87860) Importer(815301076,1909f56bfc062723c751e8b465ee728b)
Start importing Assets/Sci-Fi Styled Modular Pack/Materials/white emision.mat using Guid(6b6dfd77776c54a4781ec8cab4d87860) Importer(815301076,1909f56bfc062723c751e8b465ee728b)  -> (artifact id: '071acc88e580de265cf7605bda2fd4d3') in 0.017705 seconds 
========================================================================
Received Import Request.
  Time since last request: 0.000025 seconds.
  path: Assets/Sci-Fi Styled Modular Pack/Materials/lattice.mat
  artifactKey: Guid(0f4853191d321d748b1f95a97d7b37f4) Importer(815301076,1909f56bfc062723c751e8b465ee728b)
Start importing Assets/Sci-Fi Styled Modular Pack/Materials/lattice.mat using Guid(0f4853191d321d748b1f95a97d7b37f4) Importer(815301076,1909f56bfc062723c751e8b465ee728b)  -> (artifact id: '5d5ec060e6eb40e4d536384132e98e43') in 0.231918 seconds 
========================================================================
Received Import Request.
  Time since last request: 0.000026 seconds.
  path: Assets/Sci-Fi Styled Modular Pack/Materials/screen.mat
  artifactKey: Guid(bf1464b84bb76b44abb088d5a41acfee) Importer(815301076,1909f56bfc062723c751e8b465ee728b)
Start importing Assets/Sci-Fi Styled Modular Pack/Materials/screen.mat using Guid(bf1464b84bb76b44abb088d5a41acfee) Importer(815301076,1909f56bfc062723c751e8b465ee728b)  -> (artifact id: 'b4be11a065b13b0bfc21a9386e51a3ab') in 0.017397 seconds 
========================================================================
Received Import Request.
  Time since last request: 0.000037 seconds.
  path: Assets/Sci-Fi Styled Modular Pack/Materials/hologram.mat
  artifactKey: Guid(e305453a48fa58446882f6671dfa0d58) Importer(815301076,1909f56bfc062723c751e8b465ee728b)
Start importing Assets/Sci-Fi Styled Modular Pack/Materials/hologram.mat using Guid(e305453a48fa58446882f6671dfa0d58) Importer(815301076,1909f56bfc062723c751e8b465ee728b)  -> (artifact id: '82ac1488c4c04fe82dd9c45e687f250c') in 0.111803 seconds 
========================================================================
Received Import Request.
  Time since last request: 0.000021 seconds.
  path: Assets/Sci-Fi Styled Modular Pack/Materials/window.mat
  artifactKey: Guid(6df5b81390f2c8d4d967baea2b0a190e) Importer(815301076,1909f56bfc062723c751e8b465ee728b)
Start importing Assets/Sci-Fi Styled Modular Pack/Materials/window.mat using Guid(6df5b81390f2c8d4d967baea2b0a190e) Importer(815301076,1909f56bfc062723c751e8b465ee728b)  -> (artifact id: '74983c9c4cc669873ffcfe5cd6dd5506') in 0.234289 seconds 
========================================================================
Received Import Request.
  Time since last request: 0.000025 seconds.
  path: Assets/Sci-Fi Styled Modular Pack/Materials/nature_root.mat
  artifactKey: Guid(00fc27719fc29924b9a34aab914dc83a) Importer(815301076,1909f56bfc062723c751e8b465ee728b)
Start importing Assets/Sci-Fi Styled Modular Pack/Materials/nature_root.mat using Guid(00fc27719fc29924b9a34aab914dc83a) Importer(815301076,1909f56bfc062723c751e8b465ee728b)  -> (artifact id: '16554fe7eda8c9f14005339837b847c3') in 0.016716 seconds 
========================================================================
Received Import Request.
  Time since last request: 0.000034 seconds.
  path: Assets/Sci-Fi Styled Modular Pack/Materials/glass.mat
  artifactKey: Guid(2ce01831e9f3ae441bb48623e5fbe0c0) Importer(815301076,1909f56bfc062723c751e8b465ee728b)
Start importing Assets/Sci-Fi Styled Modular Pack/Materials/glass.mat using Guid(2ce01831e9f3ae441bb48623e5fbe0c0) Importer(815301076,1909f56bfc062723c751e8b465ee728b)  -> (artifact id: '866bf42c2938e0c12eed2ed71734f8ff') in 0.018348 seconds 
========================================================================
Received Import Request.
  Time since last request: 0.000020 seconds.
  path: Assets/Sci-Fi Styled Modular Pack/Materials/comuter_wall.mat
  artifactKey: Guid(0d0f1f087865a1c47826008280428fdf) Importer(815301076,1909f56bfc062723c751e8b465ee728b)
Start importing Assets/Sci-Fi Styled Modular Pack/Materials/comuter_wall.mat using Guid(0d0f1f087865a1c47826008280428fdf) Importer(815301076,1909f56bfc062723c751e8b465ee728b)  -> (artifact id: 'abf445a688cbcd630ac549019c64dfd2') in 0.225675 seconds 
========================================================================
Received Import Request.
  Time since last request: 0.000027 seconds.
  path: Assets/Sci-Fi Styled Modular Pack/Materials/lattice floor.mat
  artifactKey: Guid(62dcf96e239eb0d4db44cbe622abf152) Importer(815301076,1909f56bfc062723c751e8b465ee728b)
Start importing Assets/Sci-Fi Styled Modular Pack/Materials/lattice floor.mat using Guid(62dcf96e239eb0d4db44cbe622abf152) Importer(815301076,1909f56bfc062723c751e8b465ee728b)  -> (artifact id: 'd439929107bfef51455f49fa49010509') in 0.019936 seconds 
========================================================================
Received Import Request.
  Time since last request: 33.360611 seconds.
  path: Assets/Sci-Fi Styled Modular Pack/Materials/Palletes
  artifactKey: Guid(e7a719f896a935b409fe737d63929cc1) Importer(815301076,1909f56bfc062723c751e8b465ee728b)
Start importing Assets/Sci-Fi Styled Modular Pack/Materials/Palletes using Guid(e7a719f896a935b409fe737d63929cc1) Importer(815301076,1909f56bfc062723c751e8b465ee728b)  -> (artifact id: 'c7300650cb78bd0f833744d0192ce8b0') in 0.006693 seconds 
========================================================================
Received Import Request.
  Time since last request: 0.073359 seconds.
  path: Assets/Sci-Fi Styled Modular Pack/Materials/Palletes/base color.mat
  artifactKey: Guid(10de6384af0c3b54e8166f9c3f936e88) Importer(815301076,1909f56bfc062723c751e8b465ee728b)
Start importing Assets/Sci-Fi Styled Modular Pack/Materials/Palletes/base color.mat using Guid(10de6384af0c3b54e8166f9c3f936e88) Importer(815301076,1909f56bfc062723c751e8b465ee728b)  -> (artifact id: 'a1231cbe2b570bc47f651b87c42c72bf') in 0.219687 seconds 
========================================================================
Received Import Request.
  Time since last request: 0.000028 seconds.
  path: Assets/Sci-Fi Styled Modular Pack/Materials/Palletes/dark color.mat
  artifactKey: Guid(14e5822a3f4e21e4d9ef3d687fe27b01) Importer(815301076,1909f56bfc062723c751e8b465ee728b)
Start importing Assets/Sci-Fi Styled Modular Pack/Materials/Palletes/dark color.mat using Guid(14e5822a3f4e21e4d9ef3d687fe27b01) Importer(815301076,1909f56bfc062723c751e8b465ee728b)  -> (artifact id: '40552abdbd942571e705292a08f25c49') in 0.025739 seconds 
========================================================================
Received Import Request.
  Time since last request: 0.000028 seconds.
  path: Assets/Sci-Fi Styled Modular Pack/Materials/Palletes/coffee color.mat
  artifactKey: Guid(0dc773308a90b4d46b08202cbde5b80d) Importer(815301076,1909f56bfc062723c751e8b465ee728b)
Start importing Assets/Sci-Fi Styled Modular Pack/Materials/Palletes/coffee color.mat using Guid(0dc773308a90b4d46b08202cbde5b80d) Importer(815301076,1909f56bfc062723c751e8b465ee728b)  -> (artifact id: '8d6a37659e914930e72527292b13f704') in 0.024420 seconds 
========================================================================
Received Import Request.
  Time since last request: 0.000031 seconds.
  path: Assets/Sci-Fi Styled Modular Pack/Materials/Palletes/blue color.mat
  artifactKey: Guid(bb0ea486e3a8ea846993232a228b528a) Importer(815301076,1909f56bfc062723c751e8b465ee728b)
Start importing Assets/Sci-Fi Styled Modular Pack/Materials/Palletes/blue color.mat using Guid(bb0ea486e3a8ea846993232a228b528a) Importer(815301076,1909f56bfc062723c751e8b465ee728b)  -> (artifact id: 'fb2c9f9b97dd644889c786ab0431fb02') in 0.022399 seconds 
========================================================================
Received Import Request.
  Time since last request: 0.000041 seconds.
  path: Assets/Sci-Fi Styled Modular Pack/Materials/Palletes/iron man color.mat
  artifactKey: Guid(66fe1a0e0becc6f4bbc49896f2111756) Importer(815301076,1909f56bfc062723c751e8b465ee728b)
Start importing Assets/Sci-Fi Styled Modular Pack/Materials/Palletes/iron man color.mat using Guid(66fe1a0e0becc6f4bbc49896f2111756) Importer(815301076,1909f56bfc062723c751e8b465ee728b)  -> (artifact id: 'fd60dae29b5d4d7f2e4dad9612a16bcd') in 0.022570 seconds 
========================================================================
Received Import Request.
  Time since last request: 69.583205 seconds.
  path: Assets/YughuesFreeMetalMaterials/Demo/DEMO_YFMM_SphereMesh.FBX
  artifactKey: Guid(4f949ae83a043c64d9ee5d95fc9db193) Importer(815301076,1909f56bfc062723c751e8b465ee728b)
Start importing Assets/YughuesFreeMetalMaterials/Demo/DEMO_YFMM_SphereMesh.FBX using Guid(4f949ae83a043c64d9ee5d95fc9db193) Importer(815301076,1909f56bfc062723c751e8b465ee728b)  -> (artifact id: 'e949323117ba0f99fd783164aa6c92d2') in 0.085527 seconds 
========================================================================
Received Import Request.
  Time since last request: 0.000025 seconds.
  path: Assets/YughuesFreeMetalMaterials/Demo/M_DEMO_YFMM_Ground.mat
  artifactKey: Guid(7aff8cf784c3c21428b4887833479217) Importer(815301076,1909f56bfc062723c751e8b465ee728b)
Start importing Assets/YughuesFreeMetalMaterials/Demo/M_DEMO_YFMM_Ground.mat using Guid(7aff8cf784c3c21428b4887833479217) Importer(815301076,1909f56bfc062723c751e8b465ee728b)  -> (artifact id: '070b4c19cca728c9049cf81671a8c143') in 0.016734 seconds 
========================================================================
Received Import Request.
  Time since last request: 0.000019 seconds.
  path: Assets/YughuesFreeMetalMaterials/Demo/P_DEMO_YFMM_Spheres.prefab
  artifactKey: Guid(e3750ed9101e1b641a1c62d48ef3dac0) Importer(815301076,1909f56bfc062723c751e8b465ee728b)
Start importing Assets/YughuesFreeMetalMaterials/Demo/P_DEMO_YFMM_Spheres.prefab using Guid(e3750ed9101e1b641a1c62d48ef3dac0) Importer(815301076,1909f56bfc062723c751e8b465ee728b)  -> (artifact id: '0d6f67c8bb2d4b7c8215d9dad2f56c15') in 0.820428 seconds 
========================================================================
Received Import Request.
  Time since last request: 6.424119 seconds.
  path: Assets/YughuesFreeMetalMaterials/Materials/M_YFMM_01.mat
  artifactKey: Guid(0799c0fca43b43549b92dbbb57355b63) Importer(815301076,1909f56bfc062723c751e8b465ee728b)
Start importing Assets/YughuesFreeMetalMaterials/Materials/M_YFMM_01.mat using Guid(0799c0fca43b43549b92dbbb57355b63) Importer(815301076,1909f56bfc062723c751e8b465ee728b)  -> (artifact id: 'fc2081f86cb1dd651a1304de2b9d1479') in 0.018535 seconds 
========================================================================
Received Import Request.
  Time since last request: 0.000020 seconds.
  path: Assets/YughuesFreeMetalMaterials/Materials/M_YFMM_22.mat
  artifactKey: Guid(ad7d3ed0319816940bbf70e52f46866d) Importer(815301076,1909f56bfc062723c751e8b465ee728b)
Start importing Assets/YughuesFreeMetalMaterials/Materials/M_YFMM_22.mat using Guid(ad7d3ed0319816940bbf70e52f46866d) Importer(815301076,1909f56bfc062723c751e8b465ee728b)  -> (artifact id: '955d8bd46cb9fef3a53859e39a300f77') in 0.020971 seconds 
========================================================================
Received Import Request.
  Time since last request: 0.000021 seconds.
  path: Assets/YughuesFreeMetalMaterials/Materials/M_YFMM_33.mat
  artifactKey: Guid(2d4eb4632ff89504084de124ceedf2e4) Importer(815301076,1909f56bfc062723c751e8b465ee728b)
Start importing Assets/YughuesFreeMetalMaterials/Materials/M_YFMM_33.mat using Guid(2d4eb4632ff89504084de124ceedf2e4) Importer(815301076,1909f56bfc062723c751e8b465ee728b)  -> (artifact id: '73106af4058abd624fd45387011bf8a4') in 0.017353 seconds 
========================================================================
Received Import Request.
  Time since last request: 0.000029 seconds.
  path: Assets/YughuesFreeMetalMaterials/Materials/M_YFMM_09.mat
  artifactKey: Guid(815726b91e0e2d34a84b7ddc790e5b86) Importer(815301076,1909f56bfc062723c751e8b465ee728b)
Start importing Assets/YughuesFreeMetalMaterials/Materials/M_YFMM_09.mat using Guid(815726b91e0e2d34a84b7ddc790e5b86) Importer(815301076,1909f56bfc062723c751e8b465ee728b)  -> (artifact id: '74e1a24058ca845aac925e88b8d45527') in 0.018518 seconds 
========================================================================
Received Import Request.
  Time since last request: 0.000021 seconds.
  path: Assets/YughuesFreeMetalMaterials/Materials/M_YFMM_02.mat
  artifactKey: Guid(f99c2f606e487bd4ba7c619b09a10f39) Importer(815301076,1909f56bfc062723c751e8b465ee728b)
Start importing Assets/YughuesFreeMetalMaterials/Materials/M_YFMM_02.mat using Guid(f99c2f606e487bd4ba7c619b09a10f39) Importer(815301076,1909f56bfc062723c751e8b465ee728b)  -> (artifact id: '91b21af2d2c26dc1e42c228648900912') in 0.018739 seconds 
========================================================================
Received Import Request.
  Time since last request: 0.000021 seconds.
  path: Assets/YughuesFreeMetalMaterials/Materials/M_YFMM_11.mat
  artifactKey: Guid(bacc7ee8fd0869d45be470f049e53d8b) Importer(815301076,1909f56bfc062723c751e8b465ee728b)
Start importing Assets/YughuesFreeMetalMaterials/Materials/M_YFMM_11.mat using Guid(bacc7ee8fd0869d45be470f049e53d8b) Importer(815301076,1909f56bfc062723c751e8b465ee728b)  -> (artifact id: 'e4926ec57543d02e655eab648b9da38f') in 0.017864 seconds 
========================================================================
Received Import Request.
  Time since last request: 0.000024 seconds.
  path: Assets/YughuesFreeMetalMaterials/Materials/M_YFMM_20.mat
  artifactKey: Guid(b1ec81eca85a9d84ea5f62901c99f89d) Importer(815301076,1909f56bfc062723c751e8b465ee728b)
Start importing Assets/YughuesFreeMetalMaterials/Materials/M_YFMM_20.mat using Guid(b1ec81eca85a9d84ea5f62901c99f89d) Importer(815301076,1909f56bfc062723c751e8b465ee728b)  -> (artifact id: 'db110a36e9f9ab13d365dfe90f4bccb4') in 0.020999 seconds 
========================================================================
Received Import Request.
  Time since last request: 0.000035 seconds.
  path: Assets/YughuesFreeMetalMaterials/Materials/M_YFMM_36.mat
  artifactKey: Guid(9b8a78dbb8e688e468daf2da07cf93b6) Importer(815301076,1909f56bfc062723c751e8b465ee728b)
Start importing Assets/YughuesFreeMetalMaterials/Materials/M_YFMM_36.mat using Guid(9b8a78dbb8e688e468daf2da07cf93b6) Importer(815301076,1909f56bfc062723c751e8b465ee728b)  -> (artifact id: '5571e68be5311611dcb523840acdc2d2') in 0.017524 seconds 
========================================================================
Received Import Request.
  Time since last request: 0.000028 seconds.
  path: Assets/YughuesFreeMetalMaterials/Materials/M_YFMM_31.mat
  artifactKey: Guid(08d90a021f5ea464d8839057832cbb6c) Importer(815301076,1909f56bfc062723c751e8b465ee728b)
Start importing Assets/YughuesFreeMetalMaterials/Materials/M_YFMM_31.mat using Guid(08d90a021f5ea464d8839057832cbb6c) Importer(815301076,1909f56bfc062723c751e8b465ee728b)  -> (artifact id: '0e6bddbbefde4055678728fc409d5f7e') in 0.017483 seconds 
========================================================================
Received Import Request.
  Time since last request: 0.000021 seconds.
  path: Assets/YughuesFreeMetalMaterials/Materials/M_YFMM_25.mat
  artifactKey: Guid(66bb025986bd66c479f0fe7e007798b0) Importer(815301076,1909f56bfc062723c751e8b465ee728b)
Start importing Assets/YughuesFreeMetalMaterials/Materials/M_YFMM_25.mat using Guid(66bb025986bd66c479f0fe7e007798b0) Importer(815301076,1909f56bfc062723c751e8b465ee728b)  -> (artifact id: '717a9c0449440a9b9d9f77313dfff910') in 0.020709 seconds 
========================================================================
Received Import Request.
  Time since last request: 0.000034 seconds.
  path: Assets/YughuesFreeMetalMaterials/Materials/M_YFMM_35.mat
  artifactKey: Guid(9607862bf90553342b6c7a1e3d273805) Importer(815301076,1909f56bfc062723c751e8b465ee728b)
Start importing Assets/YughuesFreeMetalMaterials/Materials/M_YFMM_35.mat using Guid(9607862bf90553342b6c7a1e3d273805) Importer(815301076,1909f56bfc062723c751e8b465ee728b)  -> (artifact id: '0fe016587824d7bd3739feb60c0319e7') in 0.019711 seconds 
========================================================================
Received Import Request.
  Time since last request: 0.000045 seconds.
  path: Assets/YughuesFreeMetalMaterials/Materials/M_YFMM_46.mat
  artifactKey: Guid(4284e0aad15d6b64d86768e51640a3aa) Importer(815301076,1909f56bfc062723c751e8b465ee728b)
Start importing Assets/YughuesFreeMetalMaterials/Materials/M_YFMM_46.mat using Guid(4284e0aad15d6b64d86768e51640a3aa) Importer(815301076,1909f56bfc062723c751e8b465ee728b)  -> (artifact id: '97da4fa5eda70560367644bb012176de') in 0.018485 seconds 
========================================================================
Received Import Request.
  Time since last request: 0.000020 seconds.
  path: Assets/YughuesFreeMetalMaterials/Materials/M_YFMM_37.mat
  artifactKey: Guid(b944d3c9a69fd6142b438414bbddcd4a) Importer(815301076,1909f56bfc062723c751e8b465ee728b)
Start importing Assets/YughuesFreeMetalMaterials/Materials/M_YFMM_37.mat using Guid(b944d3c9a69fd6142b438414bbddcd4a) Importer(815301076,1909f56bfc062723c751e8b465ee728b)  -> (artifact id: 'f4a1739e614ce934452ecb63a149e431') in 0.019376 seconds 
========================================================================
Received Import Request.
  Time since last request: 0.000021 seconds.
  path: Assets/YughuesFreeMetalMaterials/Materials/M_YFMM_39.mat
  artifactKey: Guid(89b53b6902b0ec14baa1599e1c68d643) Importer(815301076,1909f56bfc062723c751e8b465ee728b)
Start importing Assets/YughuesFreeMetalMaterials/Materials/M_YFMM_39.mat using Guid(89b53b6902b0ec14baa1599e1c68d643) Importer(815301076,1909f56bfc062723c751e8b465ee728b)  -> (artifact id: '048cd6e79d7473820cd806a2e71aeb01') in 0.017476 seconds 
========================================================================
Received Import Request.
  Time since last request: 0.000048 seconds.
  path: Assets/YughuesFreeMetalMaterials/Materials/M_YFMM_10.mat
  artifactKey: Guid(ab4269e12763c2845868256b389e5b9b) Importer(815301076,1909f56bfc062723c751e8b465ee728b)
Start importing Assets/YughuesFreeMetalMaterials/Materials/M_YFMM_10.mat using Guid(ab4269e12763c2845868256b389e5b9b) Importer(815301076,1909f56bfc062723c751e8b465ee728b)  -> (artifact id: '9d745a5b36676bd91b120e43ef8ba5e9') in 0.020341 seconds 
========================================================================
Received Import Request.
  Time since last request: 0.000026 seconds.
  path: Assets/YughuesFreeMetalMaterials/Materials/M_YFMM_34.mat
  artifactKey: Guid(4a2abd4f67aefc24b9c6cca2d197adc7) Importer(815301076,1909f56bfc062723c751e8b465ee728b)
Start importing Assets/YughuesFreeMetalMaterials/Materials/M_YFMM_34.mat using Guid(4a2abd4f67aefc24b9c6cca2d197adc7) Importer(815301076,1909f56bfc062723c751e8b465ee728b)  -> (artifact id: '4d1aa5a83818f93cdb5533c4101828f3') in 0.019233 seconds 
========================================================================
Received Import Request.
  Time since last request: 0.000031 seconds.
  path: Assets/YughuesFreeMetalMaterials/Materials/M_YFMM_13.mat
  artifactKey: Guid(0e3ad63f883b06b458c1ef2d59167313) Importer(815301076,1909f56bfc062723c751e8b465ee728b)
Start importing Assets/YughuesFreeMetalMaterials/Materials/M_YFMM_13.mat using Guid(0e3ad63f883b06b458c1ef2d59167313) Importer(815301076,1909f56bfc062723c751e8b465ee728b)  -> (artifact id: '4ad5a9121762abb52b4a3fb8a943e858') in 0.018192 seconds 
========================================================================
Received Import Request.
  Time since last request: 0.000036 seconds.
  path: Assets/YughuesFreeMetalMaterials/Materials/M_YFMM_42.mat
  artifactKey: Guid(9ee5736c74580c341822a916611ab4f8) Importer(815301076,1909f56bfc062723c751e8b465ee728b)
Start importing Assets/YughuesFreeMetalMaterials/Materials/M_YFMM_42.mat using Guid(9ee5736c74580c341822a916611ab4f8) Importer(815301076,1909f56bfc062723c751e8b465ee728b)  -> (artifact id: '51cda7b10044c01d426c3bc31cc05782') in 0.021215 seconds 
========================================================================
Received Import Request.
  Time since last request: 0.000023 seconds.
  path: Assets/YughuesFreeMetalMaterials/Materials/M_YFMM_05.mat
  artifactKey: Guid(d5c2611926b334e488e131369218f292) Importer(815301076,1909f56bfc062723c751e8b465ee728b)
Start importing Assets/YughuesFreeMetalMaterials/Materials/M_YFMM_05.mat using Guid(d5c2611926b334e488e131369218f292) Importer(815301076,1909f56bfc062723c751e8b465ee728b)  -> (artifact id: '0dfd9b843923fdb1cac830b6fab83088') in 0.019121 seconds 
========================================================================
Received Import Request.
  Time since last request: 0.000024 seconds.
  path: Assets/YughuesFreeMetalMaterials/Materials/M_YFMM_47.mat
  artifactKey: Guid(7a453bae213a8b04b9e9f8adb81cc8be) Importer(815301076,1909f56bfc062723c751e8b465ee728b)
Start importing Assets/YughuesFreeMetalMaterials/Materials/M_YFMM_47.mat using Guid(7a453bae213a8b04b9e9f8adb81cc8be) Importer(815301076,1909f56bfc062723c751e8b465ee728b)  -> (artifact id: '6b767284283e1fb4684e860c414bad1d') in 0.018368 seconds 
========================================================================
Received Import Request.
  Time since last request: 0.000021 seconds.
  path: Assets/YughuesFreeMetalMaterials/Materials/M_YFMM_41.mat
  artifactKey: Guid(c50e2eb70fabc794d9dde9a41e831644) Importer(815301076,1909f56bfc062723c751e8b465ee728b)
Start importing Assets/YughuesFreeMetalMaterials/Materials/M_YFMM_41.mat using Guid(c50e2eb70fabc794d9dde9a41e831644) Importer(815301076,1909f56bfc062723c751e8b465ee728b)  -> (artifact id: '2ccf2e8fb54db86b7666910514d1d6a0') in 0.024754 seconds 
========================================================================
Received Import Request.
  Time since last request: 0.000022 seconds.
  path: Assets/YughuesFreeMetalMaterials/Materials/M_YFMM_03.mat
  artifactKey: Guid(d483b4637a2e1b84999ed6e843dd932a) Importer(815301076,1909f56bfc062723c751e8b465ee728b)
Start importing Assets/YughuesFreeMetalMaterials/Materials/M_YFMM_03.mat using Guid(d483b4637a2e1b84999ed6e843dd932a) Importer(815301076,1909f56bfc062723c751e8b465ee728b)  -> (artifact id: 'c7021f3440ed1435a30555a954b91311') in 0.018820 seconds 
========================================================================
Received Import Request.
  Time since last request: 0.000026 seconds.
  path: Assets/YughuesFreeMetalMaterials/Materials/M_YFMM_26.mat
  artifactKey: Guid(d114cde0600508c4f9eed72b935654e6) Importer(815301076,1909f56bfc062723c751e8b465ee728b)
Start importing Assets/YughuesFreeMetalMaterials/Materials/M_YFMM_26.mat using Guid(d114cde0600508c4f9eed72b935654e6) Importer(815301076,1909f56bfc062723c751e8b465ee728b)  -> (artifact id: '80409058ecab8716b47e3aee71b7a8ff') in 0.018305 seconds 
========================================================================
Received Import Request.
  Time since last request: 0.000022 seconds.
  path: Assets/YughuesFreeMetalMaterials/Materials/M_YFMM_43.mat
  artifactKey: Guid(0a31d93ccb7c2e04a8fae09bd5858d53) Importer(815301076,1909f56bfc062723c751e8b465ee728b)
Start importing Assets/YughuesFreeMetalMaterials/Materials/M_YFMM_43.mat using Guid(0a31d93ccb7c2e04a8fae09bd5858d53) Importer(815301076,1909f56bfc062723c751e8b465ee728b)  -> (artifact id: 'b40637f76940d9324a540ab7e5355c1c') in 0.019298 seconds 
========================================================================
Received Import Request.
  Time since last request: 0.000025 seconds.
  path: Assets/YughuesFreeMetalMaterials/Materials/M_YFMM_45.mat
  artifactKey: Guid(b371f36f272eff140b69e5a5410cd2bd) Importer(815301076,1909f56bfc062723c751e8b465ee728b)
Start importing Assets/YughuesFreeMetalMaterials/Materials/M_YFMM_45.mat using Guid(b371f36f272eff140b69e5a5410cd2bd) Importer(815301076,1909f56bfc062723c751e8b465ee728b)  -> (artifact id: 'c82ff0eb549d5544e06fc5825679ad23') in 0.019320 seconds 
========================================================================
Received Import Request.
  Time since last request: 0.000030 seconds.
  path: Assets/YughuesFreeMetalMaterials/Materials/M_YFMM_19.mat
  artifactKey: Guid(c1039856c953f6143b366284c53ece75) Importer(815301076,1909f56bfc062723c751e8b465ee728b)
Start importing Assets/YughuesFreeMetalMaterials/Materials/M_YFMM_19.mat using Guid(c1039856c953f6143b366284c53ece75) Importer(815301076,1909f56bfc062723c751e8b465ee728b)  -> (artifact id: '9da1f4c12062a482eafe785dfcca9c1f') in 0.020135 seconds 
========================================================================
Received Import Request.
  Time since last request: 0.000035 seconds.
  path: Assets/YughuesFreeMetalMaterials/Materials/M_YFMM_14.mat
  artifactKey: Guid(6bded294da3a9cf47bdb6b9259f86b49) Importer(815301076,1909f56bfc062723c751e8b465ee728b)
Start importing Assets/YughuesFreeMetalMaterials/Materials/M_YFMM_14.mat using Guid(6bded294da3a9cf47bdb6b9259f86b49) Importer(815301076,1909f56bfc062723c751e8b465ee728b)  -> (artifact id: 'a17c51f63ed82a57fc10e2900b0508ce') in 0.019245 seconds 
========================================================================
Received Import Request.
  Time since last request: 0.000027 seconds.
  path: Assets/YughuesFreeMetalMaterials/Materials/M_YFMM_28.mat
  artifactKey: Guid(b80b25c8f396f7a41bcb9d182502dbf3) Importer(815301076,1909f56bfc062723c751e8b465ee728b)
Start importing Assets/YughuesFreeMetalMaterials/Materials/M_YFMM_28.mat using Guid(b80b25c8f396f7a41bcb9d182502dbf3) Importer(815301076,1909f56bfc062723c751e8b465ee728b)  -> (artifact id: 'e08c04cabebe15842aac60b2e1ccda63') in 0.019268 seconds 
========================================================================
Received Import Request.
  Time since last request: 0.000023 seconds.
  path: Assets/YughuesFreeMetalMaterials/Materials/M_YFMM_38.mat
  artifactKey: Guid(4609707953676524ca8dbe489a6ced95) Importer(815301076,1909f56bfc062723c751e8b465ee728b)
Start importing Assets/YughuesFreeMetalMaterials/Materials/M_YFMM_38.mat using Guid(4609707953676524ca8dbe489a6ced95) Importer(815301076,1909f56bfc062723c751e8b465ee728b)  -> (artifact id: '4dda6b62c21efc7d4989aff5e068aefa') in 0.019504 seconds 
========================================================================
Received Import Request.
  Time since last request: 0.000022 seconds.
  path: Assets/YughuesFreeMetalMaterials/Materials/M_YFMM_04.mat
  artifactKey: Guid(cb339679d860eb649a63a72e8aaa0ee0) Importer(815301076,1909f56bfc062723c751e8b465ee728b)
Start importing Assets/YughuesFreeMetalMaterials/Materials/M_YFMM_04.mat using Guid(cb339679d860eb649a63a72e8aaa0ee0) Importer(815301076,1909f56bfc062723c751e8b465ee728b)  -> (artifact id: '94d540d301a51eccc36a15f468119985') in 0.017996 seconds 
========================================================================
Received Import Request.
  Time since last request: 0.000030 seconds.
  path: Assets/YughuesFreeMetalMaterials/Materials/M_YFMM_12.mat
  artifactKey: Guid(d6e7475a477721949a7fa2353ffb7e32) Importer(815301076,1909f56bfc062723c751e8b465ee728b)
Start importing Assets/YughuesFreeMetalMaterials/Materials/M_YFMM_12.mat using Guid(d6e7475a477721949a7fa2353ffb7e32) Importer(815301076,1909f56bfc062723c751e8b465ee728b)  -> (artifact id: '8f834a8350dace548d3c633eac0f8e1c') in 0.020822 seconds 
========================================================================
Received Import Request.
  Time since last request: 0.000022 seconds.
  path: Assets/YughuesFreeMetalMaterials/Materials/M_YFMM_48.mat
  artifactKey: Guid(a7a35a310f4bf234099e346d4c063b79) Importer(815301076,1909f56bfc062723c751e8b465ee728b)
Start importing Assets/YughuesFreeMetalMaterials/Materials/M_YFMM_48.mat using Guid(a7a35a310f4bf234099e346d4c063b79) Importer(815301076,1909f56bfc062723c751e8b465ee728b)  -> (artifact id: '5d0c8bbbcff94371b3869ddc14ca0be9') in 0.021628 seconds 
========================================================================
Received Import Request.
  Time since last request: 0.000022 seconds.
  path: Assets/YughuesFreeMetalMaterials/Materials/M_YFMM_23.mat
  artifactKey: Guid(294b00804ed584d4ab6b6ea04153afdb) Importer(815301076,1909f56bfc062723c751e8b465ee728b)
Start importing Assets/YughuesFreeMetalMaterials/Materials/M_YFMM_23.mat using Guid(294b00804ed584d4ab6b6ea04153afdb) Importer(815301076,1909f56bfc062723c751e8b465ee728b)  -> (artifact id: 'd3093d58d16a8afebf68955c11ed53bd') in 0.018751 seconds 
========================================================================
Received Import Request.
  Time since last request: 0.000030 seconds.
  path: Assets/YughuesFreeMetalMaterials/Materials/M_YFMM_18.mat
  artifactKey: Guid(f9d3d0adb0578be45993c6728d3cc2dc) Importer(815301076,1909f56bfc062723c751e8b465ee728b)
Start importing Assets/YughuesFreeMetalMaterials/Materials/M_YFMM_18.mat using Guid(f9d3d0adb0578be45993c6728d3cc2dc) Importer(815301076,1909f56bfc062723c751e8b465ee728b)  -> (artifact id: '5a7465cfe88585543164767033baba1e') in 0.017114 seconds 
========================================================================
Received Import Request.
  Time since last request: 0.000020 seconds.
  path: Assets/YughuesFreeMetalMaterials/Materials/M_YFMM_40.mat
  artifactKey: Guid(4aac98aef254ecf429643db51adb8f72) Importer(815301076,1909f56bfc062723c751e8b465ee728b)
Start importing Assets/YughuesFreeMetalMaterials/Materials/M_YFMM_40.mat using Guid(4aac98aef254ecf429643db51adb8f72) Importer(815301076,1909f56bfc062723c751e8b465ee728b)  -> (artifact id: '2a21a1210572ee3b05973cf80398386c') in 0.027424 seconds 
========================================================================
Received Import Request.
  Time since last request: 0.000023 seconds.
  path: Assets/YughuesFreeMetalMaterials/Materials/M_YFMM_32.mat
  artifactKey: Guid(808e5bc0f76962c459361fe60e2d29ec) Importer(815301076,1909f56bfc062723c751e8b465ee728b)
Start importing Assets/YughuesFreeMetalMaterials/Materials/M_YFMM_32.mat using Guid(808e5bc0f76962c459361fe60e2d29ec) Importer(815301076,1909f56bfc062723c751e8b465ee728b)  -> (artifact id: '44427226b285ae5d7db60db0d3d5d022') in 0.019273 seconds 
========================================================================
Received Import Request.
  Time since last request: 0.000027 seconds.
  path: Assets/YughuesFreeMetalMaterials/Materials/M_YFMM_30.mat
  artifactKey: Guid(a6d73f9e47bd28d438e0eaa89328614f) Importer(815301076,1909f56bfc062723c751e8b465ee728b)
Start importing Assets/YughuesFreeMetalMaterials/Materials/M_YFMM_30.mat using Guid(a6d73f9e47bd28d438e0eaa89328614f) Importer(815301076,1909f56bfc062723c751e8b465ee728b)  -> (artifact id: '5d6053ff12ad2f3bd9d5a8a42480c6fe') in 0.016914 seconds 
========================================================================
Received Import Request.
  Time since last request: 0.000030 seconds.
  path: Assets/YughuesFreeMetalMaterials/Materials/M_YFMM_08.mat
  artifactKey: Guid(ee47644675828514c8b999edaa99ee59) Importer(815301076,1909f56bfc062723c751e8b465ee728b)
Start importing Assets/YughuesFreeMetalMaterials/Materials/M_YFMM_08.mat using Guid(ee47644675828514c8b999edaa99ee59) Importer(815301076,1909f56bfc062723c751e8b465ee728b)  -> (artifact id: '855ac0afa630df1670a51123fe854e77') in 0.020100 seconds 
========================================================================
Received Import Request.
  Time since last request: 0.000024 seconds.
  path: Assets/YughuesFreeMetalMaterials/Materials/M_YFMM_06.mat
  artifactKey: Guid(404f9faecac1f6d43b5fcefa89522ab1) Importer(815301076,1909f56bfc062723c751e8b465ee728b)
Start importing Assets/YughuesFreeMetalMaterials/Materials/M_YFMM_06.mat using Guid(404f9faecac1f6d43b5fcefa89522ab1) Importer(815301076,1909f56bfc062723c751e8b465ee728b)  -> (artifact id: '59cff8495fdc4e06efd8aa0176abe937') in 0.022660 seconds 
========================================================================
Received Import Request.
  Time since last request: 0.000020 seconds.
  path: Assets/YughuesFreeMetalMaterials/Materials/M_YFMM_44.mat
  artifactKey: Guid(6c196c7188cb7314cb4fc62a41ccad77) Importer(815301076,1909f56bfc062723c751e8b465ee728b)
Start importing Assets/YughuesFreeMetalMaterials/Materials/M_YFMM_44.mat using Guid(6c196c7188cb7314cb4fc62a41ccad77) Importer(815301076,1909f56bfc062723c751e8b465ee728b)  -> (artifact id: '64b0195c1ed4855a7df335823ba1a607') in 0.018748 seconds 
========================================================================
Received Import Request.
  Time since last request: 0.000028 seconds.
  path: Assets/YughuesFreeMetalMaterials/Materials/M_YFMM_15.mat
  artifactKey: Guid(dd9f6c05ac7b21e4abd45bc51f3ce0af) Importer(815301076,1909f56bfc062723c751e8b465ee728b)
Start importing Assets/YughuesFreeMetalMaterials/Materials/M_YFMM_15.mat using Guid(dd9f6c05ac7b21e4abd45bc51f3ce0af) Importer(815301076,1909f56bfc062723c751e8b465ee728b)  -> (artifact id: 'a9646fcd3dba45daf273f4cc080c53c2') in 0.020771 seconds 
========================================================================
Received Import Request.
  Time since last request: 0.000035 seconds.
  path: Assets/YughuesFreeMetalMaterials/Materials/M_YFMM_24.mat
  artifactKey: Guid(af089ba3f236b004fb2bb64119f294d8) Importer(815301076,1909f56bfc062723c751e8b465ee728b)
Start importing Assets/YughuesFreeMetalMaterials/Materials/M_YFMM_24.mat using Guid(af089ba3f236b004fb2bb64119f294d8) Importer(815301076,1909f56bfc062723c751e8b465ee728b)  -> (artifact id: '2005f143fbf2cdac2c500c925b59a6cf') in 0.021292 seconds 
========================================================================
Received Import Request.
  Time since last request: 0.000024 seconds.
  path: Assets/YughuesFreeMetalMaterials/Materials/M_YFMM_16.mat
  artifactKey: Guid(54eb0a880c35ecd4fa56b3b6c33e8aaa) Importer(815301076,1909f56bfc062723c751e8b465ee728b)
Start importing Assets/YughuesFreeMetalMaterials/Materials/M_YFMM_16.mat using Guid(54eb0a880c35ecd4fa56b3b6c33e8aaa) Importer(815301076,1909f56bfc062723c751e8b465ee728b)  -> (artifact id: 'a0b89867ad734754b6130493bd4adfcd') in 0.019363 seconds 
========================================================================
Received Import Request.
  Time since last request: 0.000021 seconds.
  path: Assets/YughuesFreeMetalMaterials/Materials/M_YFMM_07.mat
  artifactKey: Guid(579d167621596b0419dc2ebf58efe561) Importer(815301076,1909f56bfc062723c751e8b465ee728b)
Start importing Assets/YughuesFreeMetalMaterials/Materials/M_YFMM_07.mat using Guid(579d167621596b0419dc2ebf58efe561) Importer(815301076,1909f56bfc062723c751e8b465ee728b)  -> (artifact id: '6f1d9fe388390502d6caed7e4b065f18') in 0.021971 seconds 
========================================================================
Received Import Request.
  Time since last request: 0.000027 seconds.
  path: Assets/YughuesFreeMetalMaterials/Materials/M_YFMM_27.mat
  artifactKey: Guid(3cd173ae4543f8745ac463237321e8db) Importer(815301076,1909f56bfc062723c751e8b465ee728b)
Start importing Assets/YughuesFreeMetalMaterials/Materials/M_YFMM_27.mat using Guid(3cd173ae4543f8745ac463237321e8db) Importer(815301076,1909f56bfc062723c751e8b465ee728b)  -> (artifact id: 'edeee03296196ddba9b2d1041ed94393') in 0.019624 seconds 
========================================================================
Received Import Request.
  Time since last request: 0.000043 seconds.
  path: Assets/YughuesFreeMetalMaterials/Materials/M_YFMM_29.mat
  artifactKey: Guid(c3f545871e6ad0b429875fb73852a671) Importer(815301076,1909f56bfc062723c751e8b465ee728b)
Start importing Assets/YughuesFreeMetalMaterials/Materials/M_YFMM_29.mat using Guid(c3f545871e6ad0b429875fb73852a671) Importer(815301076,1909f56bfc062723c751e8b465ee728b)  -> (artifact id: '6362d6dfd8281fa6685f1b8e1d1a1999') in 0.021274 seconds 
========================================================================
Received Import Request.
  Time since last request: 0.000025 seconds.
  path: Assets/YughuesFreeMetalMaterials/Materials/M_YFMM_17.mat
  artifactKey: Guid(719a1a58587c8784d86b0eec4539ef05) Importer(815301076,1909f56bfc062723c751e8b465ee728b)
Start importing Assets/YughuesFreeMetalMaterials/Materials/M_YFMM_17.mat using Guid(719a1a58587c8784d86b0eec4539ef05) Importer(815301076,1909f56bfc062723c751e8b465ee728b)  -> (artifact id: 'a3584ef11a0f18f4d307cc8ae3b86283') in 0.023499 seconds 
========================================================================
Received Import Request.
  Time since last request: 0.000026 seconds.
  path: Assets/YughuesFreeMetalMaterials/Materials/M_YFMM_21.mat
  artifactKey: Guid(d690ce46b58f6704caed1ffbff694459) Importer(815301076,1909f56bfc062723c751e8b465ee728b)
Start importing Assets/YughuesFreeMetalMaterials/Materials/M_YFMM_21.mat using Guid(d690ce46b58f6704caed1ffbff694459) Importer(815301076,1909f56bfc062723c751e8b465ee728b)  -> (artifact id: '45ed450b2c763600f6439c81628f8240') in 0.019831 seconds 
========================================================================
Received Import Request.
  Time since last request: 10.254507 seconds.
  path: Assets/YughuesFreeMetalMaterials/Materials/M_YFMM_49.mat
  artifactKey: Guid(2e501b641f5503e4d9442eb5c3f96f74) Importer(815301076,1909f56bfc062723c751e8b465ee728b)
Start importing Assets/YughuesFreeMetalMaterials/Materials/M_YFMM_49.mat using Guid(2e501b641f5503e4d9442eb5c3f96f74) Importer(815301076,1909f56bfc062723c751e8b465ee728b)  -> (artifact id: 'e9005559c085aeac6fd63aeef296b081') in 0.016564 seconds 
========================================================================
Received Import Request.
  Time since last request: 0.000021 seconds.
  path: Assets/YughuesFreeMetalMaterials/Materials/M_YFMM_50.mat
  artifactKey: Guid(7dc874c331998244eaa078e5d615a6dd) Importer(815301076,1909f56bfc062723c751e8b465ee728b)
Start importing Assets/YughuesFreeMetalMaterials/Materials/M_YFMM_50.mat using Guid(7dc874c331998244eaa078e5d615a6dd) Importer(815301076,1909f56bfc062723c751e8b465ee728b)  -> (artifact id: '59f668fb7ed2d4ab3b412000c2f5827b') in 0.020799 seconds 
